8,39,ms,0.1,7846923,5959,2500,150,2229,468,152,2199
8,40,ms,0.1,7839077,5964,2500,150,2219,393,2268,639
8,41,ms,0.1,7845232,5964,2500,150,2231,437,801,1909
8,42,ms,0.1,7996389,5995,2500,150,2232,459,210,2492
8,43,ms,0.1,7933891,5985,2500,150,2194,432,767,565
8,44,ms,0.1,7953251,5992,2500,150,2234,437,427,2243
8,45,ms,0.1,7969727,5991,2500,150,2253,438,795,2251
8,46,ms,0.1,7940907,5993,2500,150,2234,427,559,1219
8,47,ms,0.1,7868500,5961,2500,150,2214,437,1617,2131
8,48,ms,0.1,7873436,5985,2499,150,2236,399,1709,2410
8,49,ms,0.1,7862330,5995,2500,150,2218,440,1649,1210
8,50,ms,0.1,7984520,5993,2500,150,2222,431,492,565
8,51,ms,0.1,7950275,5995,2500,150,2196,430,357,1788
8,52,ms,0.1,7846527,5989,2500,150,2217,465,1679,2102
8,53,ms,0.1,7720413,5852,2500,150,2210,435,1578,673
8,54,ms,0.1,7946438,5983,2500,150,2215,467,1903,1605
8,55,ms,0.1,7990546,5997,2500,150,2218,430,1455,1324
8,56,ms,0.1,7902295,5992,2500,150,2229,432,2018,1363
8,57,ms,0.1,8074615,6000,2500,150,2228,455,394,1032
8,58,ms,0.1,7926678,5996,2500,150,2207,445,1391,676
8,59,ms,0.1,8006932,5999,2500,152,2238,437,1352,363
9,0,ms,0.1,7916928,5991,2500,150,2220,425,1402,2044
9,1,ms,0.1,7841453,5996,2497,151,2212,425,2165,1807
9,2,ms,0.1,7934802,5996,2500,150,2217,422,1770,1818
9,3,ms,0.1,7868932,6000,2500,150,2216,432,2139,1847
9,4,ms,0.1,7906525,5971,2500,150,2208,415,566,1522
9,5,ms,0.1,7962957,5988,2499,150,2224,416,262,1109
9,6,ms,0.1,7888622,5998,2500,150,2192,433,1777,1870
9,7,ms,0.1,7877203,5956,2500,150,2226,423,1901,381
9,8,ms,0.1,7849001,5979,2500,150,2195,465,1662,439
9,9,ms,0.1,7821775,5990,2500,150,2227,517,1371,1285
9,10,ms,0.1,7753972,5880,2499,150,2196,411,2334,1089
9,11,ms,0.1,7730006,5844,2500,150,2180,467,2463,304
9,12,ms,0.1,7791396,5884,2500,150,2209,426,2173,1128
9,13,ms,0.1,7777653,5929,2500,150,2200,429,1509,843
9,14,ms,0.1,7821533,5913,2500,150,2222,421,961,1019
9,15,ms,0.1,7907937,5951,2500,150,2244,419,894,875
9,16,ms,0.1,7863628,5906,2500,150,2237,415,1477,2412
9,17,ms,0.1,7835771,5916,2500,150,2179,431,1162,1227
9,18,ms,0.1,7914252,5929,2500,150,2164,438,1437,1232
9,19,ms,0.1,7849132,5925,2500,150,2212,489,774,2386
9,20,ms,0.1,7929976,5964,2500,150,2217,464,260,1023
9,21,ms,0.1,7909498,5952,2500,150,2230,438,944,2079
9,22,ms,0.1,7896312,5951,2500,150,2186,462,1795,2374
9,23,ms,0.1,7915443,5955,2500,150,2184,434,1744,2193
9,24,ms,0.1,7864918,5948,2500,150,2208,449,2179,656
9,25,ms,0.1,7865999,5898,2500,150,2228,442,2310,1255
9,26,ms,0.1,7809898,5914,2500,150,2233,437,1349,1169
9,27,ms,0.1,7830285,5960,2500,150,2194,407,919,2101
9,28,ms,0.1,7909431,5980,2500,150,2188,439,1062,1350
9,29,ms,0.1,7900877,5941,2500,150,2182,438,1916,2039
9,30,ms,0.1,7825591,5926,2500,150,2219,444,1561,1718
