9,28,ms,0.1,6571067,4970,2500,150,2222,448,916,484
9,29,ms,0.1,7808439,5972,2500,150,2220,432,387,2177
9,30,ms,0.1,7951142,5970,2500,150,2208,434,321,509
9,31,ms,0.1,7905305,5952,2500,150,2186,442,1027,1885
9,32,ms,0.1,7900764,5916,2500,150,2223,492,911,485
9,33,ms,0.1,7909455,5947,2500,150,2225,428,724,2256
9,34,ms,0.1,7793632,5956,2500,150,2211,443,359,656
9,35,ms,0.1,7865514,5960,2500,150,2214,437,1396,1472
9,36,ms,0.1,7809791,5974,2499,150,2192,423,790,1803
9,37,ms,0.1,7816705,5965,2500,150,2214,437,1615,411
9,38,ms,0.1,7749869,5942,2500,150,2234,428,1473,1545
9,39,ms,0.1,7799021,5948,2500,150,2217,427,463,1860
9,40,ms,0.1,7803895,5963,2500,150,2191,423,1670,830
9,41,ms,0.1,7794702,5949,2500,150,2206,441,339,1394
9,42,ms,0.1,7948590,5982,2500,150,2231,479,207,289
9,43,ms,0.1,7820450,5912,2500,150,2206,450,2231,546
9,44,ms,0.1,7846445,5879,2500,150,2189,484,1875,937
9,45,ms,0.1,7951696,5950,2500,150,2211,455,239,190
9,46,ms,0.1,7843912,5940,2500,150,2173,441,2162,974
9,47,ms,0.1,7840266,5988,2500,150,2167,438,2084,1168
9,48,ms,0.1,7829692,5925,2500,150,2202,464,988,581
9,49,ms,0.1,7925402,5950,2500,150,2194,465,596,2154
9,50,ms,0.1,7837708,5918,2500,150,2220,458,2356,2206
9,51,ms,0.1,7834294,5958,2500,151,2167,448,806,167
9,52,ms,0.1,7917699,5966,2500,150,2247,440,2123,1834
9,53,ms,0.1,7784739,5934,2499,150,2231,438,2208,677
9,54,ms,0.1,7855019,5890,2500,151,2187,443,816,2096
10,1,ms,0.1,7950513,5908,2500,150,2214,458,1070,1400
10,2,ms,0.1,7851844,5958,2500,150,2199,453,1301,2147
10,3,ms,0.1,7797072,5926,2500,150,2201,463,833,227
10,4,ms,0.1,7872115,5946,2500,150,2231,455,351,433
10,5,ms,0.1,7837633,5937,2500,150,2197,432,1183,350
10,6,ms,0.1,7876680,5951,2500,150,2241,456,859,1450
10,7,ms,0.1,7861426,5955,2500,150,2220,479,2084,2279
10,8,ms,0.1,7894598,5950,2500,150,2212,410,1215,1268
10,9,ms,0.1,7813445,5916,2500,150,2181,432,1695,2112
10,10,ms,0.1,7751876,5917,2500,150,2203,441,2147,2479
10,11,ms,0.1,7924778,5924,2500,150,2202,449,1057,1090
10,12,ms,0.1,7924909,5908,2500,150,2228,452,2251,2253
10,13,ms,0.1,7935230,5921,2500,150,2235,520,2189,1142
10,14,ms,0.1,7882123,5961,2500,150,2213,457,770,1300
10,15,ms,0.1,7944893,5952,2500,150,2204,428,2014,1561
10,16,ms,0.1,7876178,5895,2500,150,2231,427,604,615
10,17,ms,0.1,7911844,5939,2500,150,2224,428,196,880
10,18,ms,0.1,7787213,5879,2500,150,2224,422,1811,2448
10,19,ms,0.1,7867905,5944,2500,150,2201,471,813,402
10,20,ms,0.1,7768313,5909,2500,150,2205,416,1783,2113
10,21,ms,0.1,7865118,5947,2500,150,2214,429,2067,857
10,22,ms,0.1,7881080,5986,2500,150,2186,440,1039,811
10,23,ms,0.1,7844510,5958,2500,150,2189,422,1807,1396
10,24,ms,0.1,7883468,5983,2500,150,2179,463,572,2167
10,25,ms,0.1,7835413,5909,2500,151,2185,437,1958,1399
10,26,ms,0.1,7773752,5901,2500,150,2189,419,2229,949
10,27,ms,0.1,7934741,5951,2500,150,2226,416,713,332
10,28,ms,0.1,7839458,5909,2500,150,2181,415,1668,870
10,29,ms,0.1,7926916,5980,2500,150,2198,440,1204,1808
10,30,ms,0.1,7835227,5935,2500,150,2209,426,1076,269
10,31,ms,0.1,7817513,5905,2500,150,2216,444,1665,1409
10,32,ms,0.1,7832690,5889,2500,150,2233,442,294,2475
10,33,ms,0.1,7895407,5941,2500,150,2222,425,2110,796
10,34,ms,0.1,7869302,5947,2500,150,2212,448,1743,1814
10,35,ms,0.1,7925856,5921,2500,151,2212,433,231,1651
10,36,ms,0.1,7859283,5955,2500,150,2224,436,1977,2355
10,37,ms,0.1,7781803,5917,2500,150,2169,431,1133,1327
10,38,ms,0.1,7773233,5908,2499,150,2226,429,2028,2142
10,39,ms,0.1,7817900,5929,2500,150,2238,444,1566,204
10,40,ms,0.1,7813680,5881,2500,150,2195,436,748,617
10,41,ms,0.1,7865657,5929,2500,150,2229,451,631,150
10,42,ms,0.1,7774535,5921,2500,150,2206,446,952,1552
10,43,ms,0.1,7868368,5914,2500,150,2195,468,573,1332
10,44,ms,0.1,7832308,5897,2500,150,2200,434,551,1549
